<?xml version="1.0" encoding="UTF-8"?>
<!-- Generated by org.testng.reporters.JUnitReportReporter -->
<testsuite hostname="DESKTOP-SL0OTGR" failures="0" tests="1" name="testcases.TC002" time="1.047" errors="0" timestamp="12 Mar 2018 10:17:07 GMT" skipped="0">
  <testcase classname="testcases.TC002" name="checkTC001" time="1.047"/>
</testsuite> <!-- testcases.TC002 -->
