<?xml version="1.0" encoding="UTF-8"?>
<!-- Generated by org.testng.reporters.JUnitReportReporter -->
<testsuite skipped="0" hostname="AMX_Common_Sys_M8" name="testcases.TC003" tests="2" failures="0" timestamp="28 Feb 2018 06:50:56 GMT" time="24.173" errors="0">
  <testcase name="checkTC001" time="14.733" classname="testcases.TC003"/>
  <testcase name="checkTC001" time="9.440" classname="testcases.TC003"/>
</testsuite> <!-- testcases.TC003 -->
