<?xml version="1.0" encoding="UTF-8"?>
<!-- Generated by org.testng.reporters.JUnitReportReporter -->
<testsuite hostname="MJN_Test_Automation" failures="0" tests="1" name="utils.SendMail" time="13.072" errors="0" timestamp="13 Apr 2018 10:31:17 GMT" skipped="0">
  <testcase classname="utils.SendMail" name="sendAttachmentMail" time="13.072"/>
</testsuite> <!-- utils.SendMail -->
