<?xml version="1.0" encoding="UTF-8"?>
<!-- Generated by org.testng.reporters.JUnitReportReporter -->
<testsuite hostname="MJN_Test_Automation" failures="0" tests="1" name="testcases.TC003" time="50.232" errors="0" timestamp="13 Apr 2018 07:25:17 GMT" skipped="0">
  <testcase classname="testcases.TC003" name="checkEmailLookUp" time="50.232"/>
</testsuite> <!-- testcases.TC003 -->
