<?xml version="1.0" encoding="UTF-8"?>
<!-- Generated by org.testng.reporters.JUnitReportReporter -->
<testsuite hostname="Desktop-M9" failures="0" tests="1" name="testcases.TC001" time="7271.712" errors="0" timestamp="09 Mar 2018 08:34:51 GMT" skipped="0">
  <testcase classname="testcases.TC001" name="checkTC001" time="7271.712"/>
</testsuite> <!-- testcases.TC001 -->
