<?xml version="1.0" encoding="UTF-8"?>
<!-- Generated by org.testng.reporters.JUnitReportReporter -->
<testsuite skipped="0" hostname="AMX-711" name="testcases.TC003" tests="1" failures="0" timestamp="26 Dec 2018 13:24:34 GMT" time="37.529" errors="0">
  <testcase name="test_TC001" time="37.529" classname="testcases.TC003"/>
</testsuite> <!-- testcases.TC003 -->
