<?xml version="1.0" encoding="UTF-8"?>
<!-- Generated by org.testng.reporters.JUnitReportReporter -->
<testsuite skipped="0" hostname="Leadgen_Test" name="testcases.TC001" tests="1" failures="0" timestamp="21 Aug 2019 08:54:08 GMT" time="141.249" errors="0">
  <testcase name="checkTC001" time="141.249" classname="testcases.TC001"/>
</testsuite> <!-- testcases.TC001 -->
