<?xml version="1.0" encoding="UTF-8"?>
<!-- Generated by org.testng.reporters.JUnitReportReporter -->
<testsuite skipped="0" hostname="AMX_Common_Sys_M8" name="testcases.TC001" tests="1" failures="0" timestamp="28 Feb 2018 16:47:56 GMT" time="7856.091" errors="0">
  <testcase name="checkTC001" time="7856.091" classname="testcases.TC001"/>
</testsuite> <!-- testcases.TC001 -->
