<?xml version="1.0" encoding="UTF-8"?>
<!-- Generated by org.testng.reporters.JUnitReportReporter -->
<<<<<<< HEAD
<testsuite skipped="0" hostname="AMX_Common_Sys_M8" name="utils.SendMail" tests="2" failures="0" timestamp="27 Feb 2018 13:02:19 GMT" time="9.188" errors="0">
  <testcase name="sendAttachmentMail" time="5.234" classname="utils.SendMail"/>
  <testcase name="sendFailureMail" time="3.954" classname="utils.SendMail"/>
=======
<testsuite skipped="1" hostname="AMX_Common_Sys_M8" name="utils.SendMail" tests="3" failures="0" timestamp="01 Mar 2018 06:56:08 GMT" time="9.375" errors="0">
  <testcase name="sendAttachmentMail" time="5.395" classname="utils.SendMail"/>
  <testcase name="sendFailureMail" time="3.980" classname="utils.SendMail"/>
  <testcase name="sendSuccessMail" classname="utils.SendMail">
    <skipped/>
  </testcase> <!-- sendSuccessMail -->
>>>>>>> dev_v1
</testsuite> <!-- utils.SendMail -->
