<?xml version="1.0" encoding="UTF-8"?>
<!-- Generated by org.testng.reporters.JUnitReportReporter -->
<testsuite hostname="MJN_Test_Automation" failures="0" tests="1" name="testcases.TC001" time="1692.365" errors="0" timestamp="13 Apr 2018 12:02:39 GMT" skipped="0">
  <testcase classname="testcases.TC001" name="checkTC001" time="1692.365"/>
</testsuite> <!-- testcases.TC001 -->
