<?xml version="1.0" encoding="UTF-8"?>
<!-- Generated by org.testng.reporters.JUnitReportReporter -->
<testsuite hostname="Desktop-M9" failures="0" tests="1" name="testcases.TC003" time="0.003" errors="0" timestamp="27 Feb 2018 12:14:31 GMT" skipped="0">
  <testcase classname="testcases.TC003" name="checkTC001" time="0.003"/>
</testsuite> <!-- testcases.TC003 -->
