<?xml version="1.0" encoding="UTF-8"?>
<!-- Generated by org.testng.reporters.JUnitReportReporter -->
<testsuite skipped="1" hostname="AMX_Common_Sys_M8" name="utils.SendMail" tests="3" failures="0" timestamp="01 Mar 2018 06:56:08 GMT" time="9.375" errors="0">
  <testcase name="sendAttachmentMail" time="5.395" classname="utils.SendMail"/>
  <testcase name="sendFailureMail" time="3.980" classname="utils.SendMail"/>
  <testcase name="sendSuccessMail" classname="utils.SendMail">
    <skipped/>
  </testcase> <!-- sendSuccessMail -->
</testsuite> <!-- utils.SendMail -->
