<?xml version="1.0" encoding="UTF-8"?>
<!-- Generated by org.testng.reporters.JUnitReportReporter -->
<testsuite skipped="0" hostname="AMX-638" name="testcases.TC001" tests="1" failures="0" timestamp="27 Feb 2018 09:35:26 GMT" time="76.977" errors="0">
  <testcase name="checkTC001" time="76.977" classname="testcases.TC001"/>
</testsuite> <!-- testcases.TC001 -->
