<?xml version="1.0" encoding="UTF-8"?>
<!-- Generated by org.testng.reporters.JUnitReportReporter -->
<testsuite hostname="Desktop-M9" failures="0" tests="1" name="testcases.TC001" time="180.373" errors="0" timestamp="27 Feb 2018 12:23:26 GMT" skipped="0">
  <testcase classname="testcases.TC001" name="checkTC001" time="180.373"/>
</testsuite> <!-- testcases.TC001 -->
