<?xml version="1.0" encoding="UTF-8"?>
<!-- Generated by org.testng.reporters.JUnitReportReporter -->
<testsuite hostname="Desktop-M9" failures="0" tests="1" name="testcases.TC002" time="40.859" errors="0" timestamp="09 Mar 2018 12:10:04 GMT" skipped="0">
  <testcase classname="testcases.TC002" name="checkTC001" time="40.859"/>
</testsuite> <!-- testcases.TC002 -->
