<?xml version="1.0" encoding="UTF-8"?>
<!-- Generated by org.testng.reporters.JUnitReportReporter -->
<testsuite hostname="DESKTOP-SL0OTGR" failures="0" tests="1" name="testcases.TC001" time="73664.156" errors="0" timestamp="06 Mar 2018 10:42:06 GMT" skipped="0">
  <testcase classname="testcases.TC001" name="checkTC001" time="73664.156"/>
</testsuite> <!-- testcases.TC001 -->
