<?xml version="1.0" encoding="UTF-8"?>
<!-- Generated by org.testng.reporters.JUnitReportReporter -->
<testsuite skipped="0" hostname="Leadgen_Test" name="testcases.TC002" tests="1" failures="0" timestamp="12 Dec 2019 17:05:43 GMT" time="4815.342" errors="0">
  <testcase name="checkTC002" time="4815.342" classname="testcases.TC002"/>
</testsuite> <!-- testcases.TC002 -->
