<?xml version="1.0" encoding="UTF-8"?>
<!-- Generated by org.testng.reporters.JUnitReportReporter -->
<testsuite hostname="DESKTOP-SL0OTGR" failures="0" tests="1" name="testcases.TC002" time="86456.430" errors="0" timestamp="14 Mar 2018 05:40:18 GMT" skipped="0">
  <testcase classname="testcases.TC002" name="checkTC001" time="86456.430"/>
</testsuite> <!-- testcases.TC002 -->
